[2022-09-09 15:33:42,410,290] [DebankBot launched]
[2022-09-09 15:33:58,141,290] [DebankBot launched]
[2022-09-09 15:35:06,903,283] [DebankBot launched]
[2022-09-09 15:35:18,356,240] [Waiting for debank to load]
[2022-09-09 15:35:18,438,245] [Scraping stats for: Address]
[2022-09-09 15:35:18,639,249] [Waiting for stats to load]
[2022-09-09 15:37:11,975,283] [DebankBot launched]
[2022-09-09 15:37:23,190,240] [Waiting for debank to load]
[2022-09-09 15:37:23,341,245] [Scraping stats for: Address    0x1817e80a1706dcc2d0265713f04cf1e91034604a
Name: 0, dtype: object]
[2022-09-09 15:37:23,696,249] [Waiting for stats to load]
[2022-09-09 15:38:57,931,284] [DebankBot launched]
[2022-09-09 15:39:08,651,240] [Waiting for debank to load]
[2022-09-09 15:39:08,823,246] [Scraping stats for: 0x1817e80a1706dcc2d0265713f04cf1e91034604a]
[2022-09-09 15:39:09,373,250] [Waiting for stats to load]
[2022-09-09 15:41:09,916,285] [DebankBot launched]
[2022-09-09 15:41:21,174,240] [Waiting for debank to load]
[2022-09-09 15:41:21,246,246] [Scraping stats for: 0x1817e80a1706dcc2d0265713f04cf1e91034604a]
[2022-09-09 15:41:24,571,251] [Waiting for stats to load]
[2022-09-09 15:43:21,845,285] [DebankBot launched]
[2022-09-09 15:43:32,385,240] [Waiting for debank to load]
[2022-09-09 15:43:32,454,246] [Scraping stats for: 0x1817e80a1706dcc2d0265713f04cf1e91034604a]
[2022-09-09 15:43:37,857,251] [Waiting for stats to load]
[2022-09-09 15:46:10,526,286] [DebankBot launched]
[2022-09-09 15:46:20,913,240] [Waiting for debank to load]
[2022-09-09 15:46:21,004,246] [Scraping stats for: 0x1817e80a1706dcc2d0265713f04cf1e91034604a]
[2022-09-09 15:46:22,611,252] [Waiting for stats to load]
[2022-09-09 15:46:39,113,286] [DebankBot launched]
[2022-09-09 15:46:51,899,240] [Waiting for debank to load]
[2022-09-09 15:46:51,987,246] [Scraping stats for: 0x1817e80a1706dcc2d0265713f04cf1e91034604a]
[2022-09-09 15:46:53,491,252] [Waiting for stats to load]
[2022-09-09 15:48:57,939,286] [DebankBot launched]
[2022-09-09 15:49:08,006,240] [Waiting for debank to load]
[2022-09-09 15:49:08,094,246] [Scraping stats for: 0x1817e80a1706dcc2d0265713f04cf1e91034604a]
[2022-09-09 15:49:09,306,252] [Waiting for stats to load]
[2022-09-09 15:49:11,356,280] [Stats have been saved to E:\AliData\BotFlocks\AliBots\DebankBot\DebankRes\Valid.csv]
[2022-09-09 15:49:11,388,246] [Scraping stats for: 0xe77fed3e496df5b7f96c1e05584ff356f5e52ceb]
[2022-09-09 15:49:12,682,252] [Waiting for stats to load]
[2022-09-09 15:49:13,463,280] [Stats have been saved to E:\AliData\BotFlocks\AliBots\DebankBot\DebankRes\Valid.csv]
[2022-09-09 15:49:13,500,246] [Scraping stats for: 0x892fddb8c4f2241d2d5c783ce5a75d4284acb93e]
[2022-09-09 15:49:14,474,252] [Waiting for stats to load]
[2022-09-09 15:49:15,283,280] [Stats have been saved to E:\AliData\BotFlocks\AliBots\DebankBot\DebankRes\Valid.csv]
[2022-09-09 15:49:15,313,246] [Scraping stats for: 0x9812fce201e28636da68bfd2458aa67b3498299a]
[2022-09-09 15:49:17,113,252] [Waiting for stats to load]
[2022-09-09 15:49:17,624,280] [Stats have been saved to E:\AliData\BotFlocks\AliBots\DebankBot\DebankRes\Valid.csv]
[2022-09-09 15:49:17,655,246] [Scraping stats for: 0x76b7e12a1a27065af18ed1bf1c7f45e99d594030]
[2022-09-09 15:49:18,871,252] [Waiting for stats to load]
[2022-09-09 15:49:19,569,280] [Stats have been saved to E:\AliData\BotFlocks\AliBots\DebankBot\DebankRes\Valid.csv]
[2022-09-09 15:49:19,604,246] [Scraping stats for: 0x54e1435be6ea5b6c79c1f3cd9e625ae76f676d23]
[2022-09-09 15:49:21,112,252] [Waiting for stats to load]
[2022-09-09 15:49:21,783,280] [Stats have been saved to E:\AliData\BotFlocks\AliBots\DebankBot\DebankRes\Valid.csv]
[2022-09-09 15:49:21,819,246] [Scraping stats for: 0x753020655de8f3e9bdea4a84ae0a7e9ccf57cda1]
[2022-09-09 15:49:23,715,252] [Waiting for stats to load]
[2022-09-09 15:49:24,404,280] [Stats have been saved to E:\AliData\BotFlocks\AliBots\DebankBot\DebankRes\Valid.csv]
[2022-09-09 15:49:24,439,246] [Scraping stats for: 0x5ab5bf82d47a1e53c4789e6030b102c6243034d3]
[2022-09-09 15:49:25,310,252] [Waiting for stats to load]
[2022-09-09 15:49:26,140,280] [Stats have been saved to E:\AliData\BotFlocks\AliBots\DebankBot\DebankRes\Valid.csv]
[2022-09-09 15:49:26,172,246] [Scraping stats for: 0x6e8d9fde9d32204537a892c00b7f9797d7d8aade]
[2022-09-09 15:49:27,809,252] [Waiting for stats to load]
[2022-09-09 15:49:28,964,280] [Stats have been saved to E:\AliData\BotFlocks\AliBots\DebankBot\DebankRes\Valid.csv]
[2022-09-09 15:49:28,992,246] [Scraping stats for: 0x573c4109c1fe7bbc7bfeebf15c5601258290b25f]
[2022-09-09 15:49:30,475,252] [Waiting for stats to load]
[2022-09-09 15:49:31,166,280] [Stats have been saved to E:\AliData\BotFlocks\AliBots\DebankBot\DebankRes\Valid.csv]
[2022-09-09 15:49:31,197,246] [Scraping stats for: 0x0b7d2bd4dd72c52261d8a672fb4c5c3ab49a7523]
[2022-09-09 15:49:32,266,252] [Waiting for stats to load]
[2022-09-09 15:49:33,070,280] [Stats have been saved to E:\AliData\BotFlocks\AliBots\DebankBot\DebankRes\Valid.csv]
[2022-09-09 15:49:33,121,246] [Scraping stats for: 0x435eb093bdc0f8e7bdcbfde6caf36a4b2223bf94]
[2022-09-09 15:49:34,806,252] [Waiting for stats to load]
[2022-09-09 15:49:35,351,280] [Stats have been saved to E:\AliData\BotFlocks\AliBots\DebankBot\DebankRes\Valid.csv]
[2022-09-09 15:49:37,517,289] [Process completed successfully!]
[2022-09-09 16:41:15,889,286] [DebankBot launched]
[2022-09-09 16:41:26,938,240] [Waiting for debank to load]
[2022-09-09 16:41:27,019,246] [Scraping stats for: 0x1817e80a1706dcc2d0265713f04cf1e91034604a]
[2022-09-09 16:41:28,180,252] [Waiting for stats to load]
[2022-09-09 16:41:29,405,280] [Stats have been saved to E:\AliData\BotFlocks\AliBots\DebankBot\DebankRes\Valid.csv]
[2022-09-09 16:41:29,445,246] [Scraping stats for: 0xe77fed3e496df5b7f96c1e05584ff356f5e52ceb]
[2022-09-09 16:41:30,955,252] [Waiting for stats to load]
[2022-09-09 16:41:31,678,280] [Stats have been saved to E:\AliData\BotFlocks\AliBots\DebankBot\DebankRes\Valid.csv]
[2022-09-09 16:41:31,709,246] [Scraping stats for: 0x892fddb8c4f2241d2d5c783ce5a75d4284acb93e]
[2022-09-09 16:41:32,723,252] [Waiting for stats to load]
[2022-09-09 16:41:33,402,280] [Stats have been saved to E:\AliData\BotFlocks\AliBots\DebankBot\DebankRes\Valid.csv]
[2022-09-09 16:41:33,436,246] [Scraping stats for: 0x9812fce201e28636da68bfd2458aa67b3498299a]
[2022-09-09 16:41:34,651,252] [Waiting for stats to load]
[2022-09-09 16:41:35,423,280] [Stats have been saved to E:\AliData\BotFlocks\AliBots\DebankBot\DebankRes\Valid.csv]
[2022-09-09 16:41:35,462,246] [Scraping stats for: 0x76b7e12a1a27065af18ed1bf1c7f45e99d594030]
[2022-09-09 16:41:36,470,252] [Waiting for stats to load]
[2022-09-09 16:41:37,171,280] [Stats have been saved to E:\AliData\BotFlocks\AliBots\DebankBot\DebankRes\Valid.csv]
[2022-09-09 16:41:37,202,246] [Scraping stats for: 0x54e1435be6ea5b6c79c1f3cd9e625ae76f676d23]
[2022-09-09 16:41:38,131,252] [Waiting for stats to load]
[2022-09-09 16:41:38,836,280] [Stats have been saved to E:\AliData\BotFlocks\AliBots\DebankBot\DebankRes\Valid.csv]
[2022-09-09 16:41:38,867,246] [Scraping stats for: 0x753020655de8f3e9bdea4a84ae0a7e9ccf57cda1]
[2022-09-09 16:41:40,110,252] [Waiting for stats to load]
[2022-09-09 16:41:40,657,280] [Stats have been saved to E:\AliData\BotFlocks\AliBots\DebankBot\DebankRes\Valid.csv]
[2022-09-09 16:41:40,691,246] [Scraping stats for: 0x5ab5bf82d47a1e53c4789e6030b102c6243034d3]
[2022-09-09 16:41:42,215,252] [Waiting for stats to load]
[2022-09-09 16:41:42,884,280] [Stats have been saved to E:\AliData\BotFlocks\AliBots\DebankBot\DebankRes\Valid.csv]
[2022-09-09 16:41:42,918,246] [Scraping stats for: 0x6e8d9fde9d32204537a892c00b7f9797d7d8aade]
[2022-09-09 16:41:44,038,252] [Waiting for stats to load]
[2022-09-09 16:41:44,697,280] [Stats have been saved to E:\AliData\BotFlocks\AliBots\DebankBot\DebankRes\Valid.csv]
[2022-09-09 16:41:44,725,246] [Scraping stats for: 0x573c4109c1fe7bbc7bfeebf15c5601258290b25f]
[2022-09-09 16:41:46,274,252] [Waiting for stats to load]
[2022-09-09 16:41:46,995,280] [Stats have been saved to E:\AliData\BotFlocks\AliBots\DebankBot\DebankRes\Valid.csv]
[2022-09-09 16:41:47,026,246] [Scraping stats for: 0x0b7d2bd4dd72c52261d8a672fb4c5c3ab49a7523]
[2022-09-09 16:41:48,052,252] [Waiting for stats to load]
[2022-09-09 16:41:48,833,280] [Stats have been saved to E:\AliData\BotFlocks\AliBots\DebankBot\DebankRes\Valid.csv]
[2022-09-09 16:41:48,865,246] [Scraping stats for: 0x435eb093bdc0f8e7bdcbfde6caf36a4b2223bf94]
[2022-09-09 16:41:49,910,252] [Waiting for stats to load]
[2022-09-09 16:41:50,597,280] [Stats have been saved to E:\AliData\BotFlocks\AliBots\DebankBot\DebankRes\Valid.csv]
[2022-09-09 16:41:52,920,289] [Process completed successfully!]
[2022-09-09 16:42:28,663,287] [DebankBot launched]
[2022-09-09 16:42:39,401,240] [Waiting for debank to load]
[2022-09-09 16:42:39,482,246] [Scraping stats for: 0x1817e80a1706dcc2d0265713f04cf1e91034604a]
[2022-09-09 16:42:40,629,252] [Waiting for stats to load]
[2022-09-09 16:42:48,241,281] [Stats have been saved to E:\AliData\BotFlocks\AliBots\DebankBot\DebankRes\Valid.csv]
[2022-09-09 16:42:48,280,246] [Scraping stats for: 0xe77fed3e496df5b7f96c1e05584ff356f5e52ceb]
[2022-09-09 16:42:49,324,252] [Waiting for stats to load]
[2022-09-09 16:42:55,881,281] [Stats have been saved to E:\AliData\BotFlocks\AliBots\DebankBot\DebankRes\Valid.csv]
[2022-09-09 16:42:56,048,246] [Scraping stats for: 0x892fddb8c4f2241d2d5c783ce5a75d4284acb93e]
[2022-09-09 16:42:57,065,252] [Waiting for stats to load]
[2022-09-09 16:43:02,786,281] [Stats have been saved to E:\AliData\BotFlocks\AliBots\DebankBot\DebankRes\Valid.csv]
[2022-09-09 16:43:02,842,246] [Scraping stats for: 0x9812fce201e28636da68bfd2458aa67b3498299a]
[2022-09-09 16:43:03,816,252] [Waiting for stats to load]
[2022-09-09 16:43:09,628,281] [Stats have been saved to E:\AliData\BotFlocks\AliBots\DebankBot\DebankRes\Valid.csv]
[2022-09-09 16:43:09,678,246] [Scraping stats for: 0x76b7e12a1a27065af18ed1bf1c7f45e99d594030]
[2022-09-09 16:43:10,740,252] [Waiting for stats to load]
[2022-09-09 16:43:16,559,281] [Stats have been saved to E:\AliData\BotFlocks\AliBots\DebankBot\DebankRes\Valid.csv]
[2022-09-09 16:43:16,590,246] [Scraping stats for: 0x54e1435be6ea5b6c79c1f3cd9e625ae76f676d23]
[2022-09-09 16:43:17,546,252] [Waiting for stats to load]
[2022-09-09 16:43:23,252,281] [Stats have been saved to E:\AliData\BotFlocks\AliBots\DebankBot\DebankRes\Valid.csv]
[2022-09-09 16:43:23,268,246] [Scraping stats for: 0x753020655de8f3e9bdea4a84ae0a7e9ccf57cda1]
[2022-09-09 16:43:24,167,252] [Waiting for stats to load]
[2022-09-09 16:43:29,962,281] [Stats have been saved to E:\AliData\BotFlocks\AliBots\DebankBot\DebankRes\Valid.csv]
[2022-09-09 16:43:29,984,246] [Scraping stats for: 0x5ab5bf82d47a1e53c4789e6030b102c6243034d3]
[2022-09-09 16:43:30,889,252] [Waiting for stats to load]
[2022-09-09 16:43:36,531,281] [Stats have been saved to E:\AliData\BotFlocks\AliBots\DebankBot\DebankRes\Valid.csv]
[2022-09-09 16:43:36,562,246] [Scraping stats for: 0x6e8d9fde9d32204537a892c00b7f9797d7d8aade]
[2022-09-09 16:43:37,555,252] [Waiting for stats to load]
[2022-09-09 16:43:43,384,281] [Stats have been saved to E:\AliData\BotFlocks\AliBots\DebankBot\DebankRes\Valid.csv]
[2022-09-09 16:43:43,426,246] [Scraping stats for: 0x573c4109c1fe7bbc7bfeebf15c5601258290b25f]
[2022-09-09 16:43:44,597,252] [Waiting for stats to load]
[2022-09-09 16:43:50,401,281] [Stats have been saved to E:\AliData\BotFlocks\AliBots\DebankBot\DebankRes\Valid.csv]
[2022-09-09 16:43:50,417,246] [Scraping stats for: 0x0b7d2bd4dd72c52261d8a672fb4c5c3ab49a7523]
[2022-09-09 16:43:51,364,252] [Waiting for stats to load]
[2022-09-09 16:43:57,081,281] [Stats have been saved to E:\AliData\BotFlocks\AliBots\DebankBot\DebankRes\Valid.csv]
[2022-09-09 16:43:57,096,246] [Scraping stats for: 0x435eb093bdc0f8e7bdcbfde6caf36a4b2223bf94]
[2022-09-09 16:43:58,027,252] [Waiting for stats to load]
[2022-09-09 16:44:05,368,281] [Stats have been saved to E:\AliData\BotFlocks\AliBots\DebankBot\DebankRes\Valid.csv]
[2022-09-09 16:44:07,609,290] [Process completed successfully!]
[2022-09-09 16:45:27,409,287] [DebankBot launched]
[2022-09-09 16:45:37,889,240] [Waiting for debank to load]
[2022-09-09 16:45:37,958,246] [Scraping stats for: 0x1817e80a1706dcc2d0265713f04cf1e91034604a]
[2022-09-09 16:45:39,813,252] [Waiting for stats to load]
[2022-09-09 16:45:47,528,281] [Stats have been saved to E:\AliData\BotFlocks\AliBots\DebankBot\DebankRes\Valid.csv]
[2022-09-09 16:45:47,563,246] [Scraping stats for: 0xe77fed3e496df5b7f96c1e05584ff356f5e52ceb]
[2022-09-09 16:45:48,719,252] [Waiting for stats to load]
[2022-09-09 16:45:55,278,281] [Stats have been saved to E:\AliData\BotFlocks\AliBots\DebankBot\DebankRes\Valid.csv]
[2022-09-09 16:45:55,350,246] [Scraping stats for: 0x892fddb8c4f2241d2d5c783ce5a75d4284acb93e]
[2022-09-09 16:45:56,527,252] [Waiting for stats to load]
[2022-09-09 16:46:02,309,281] [Stats have been saved to E:\AliData\BotFlocks\AliBots\DebankBot\DebankRes\Valid.csv]
[2022-09-09 16:46:02,338,246] [Scraping stats for: 0x9812fce201e28636da68bfd2458aa67b3498299a]
[2022-09-09 16:46:03,479,252] [Waiting for stats to load]
[2022-09-09 16:46:09,495,281] [Stats have been saved to E:\AliData\BotFlocks\AliBots\DebankBot\DebankRes\Valid.csv]
[2022-09-09 16:46:09,521,246] [Scraping stats for: 0x76b7e12a1a27065af18ed1bf1c7f45e99d594030]
[2022-09-09 16:46:11,219,252] [Waiting for stats to load]
[2022-09-09 16:46:16,866,281] [Stats have been saved to E:\AliData\BotFlocks\AliBots\DebankBot\DebankRes\Valid.csv]
[2022-09-09 16:46:16,881,246] [Scraping stats for: 0x54e1435be6ea5b6c79c1f3cd9e625ae76f676d23]
[2022-09-09 16:46:17,900,252] [Waiting for stats to load]
[2022-09-09 16:46:23,664,281] [Stats have been saved to E:\AliData\BotFlocks\AliBots\DebankBot\DebankRes\Valid.csv]
[2022-09-09 16:46:23,695,246] [Scraping stats for: 0x753020655de8f3e9bdea4a84ae0a7e9ccf57cda1]
[2022-09-09 16:46:25,619,252] [Waiting for stats to load]
[2022-09-09 16:46:31,414,281] [Stats have been saved to E:\AliData\BotFlocks\AliBots\DebankBot\DebankRes\Valid.csv]
[2022-09-09 16:46:31,429,246] [Scraping stats for: 0x5ab5bf82d47a1e53c4789e6030b102c6243034d3]
[2022-09-09 16:46:32,566,252] [Waiting for stats to load]
[2022-09-09 16:46:38,130,281] [Stats have been saved to E:\AliData\BotFlocks\AliBots\DebankBot\DebankRes\Valid.csv]
[2022-09-09 16:46:38,161,246] [Scraping stats for: 0x6e8d9fde9d32204537a892c00b7f9797d7d8aade]
[2022-09-09 16:46:39,183,252] [Waiting for stats to load]
[2022-09-09 16:46:46,013,281] [Stats have been saved to E:\AliData\BotFlocks\AliBots\DebankBot\DebankRes\Valid.csv]
[2022-09-09 16:46:46,049,246] [Scraping stats for: 0x573c4109c1fe7bbc7bfeebf15c5601258290b25f]
[2022-09-09 16:46:47,151,252] [Waiting for stats to load]
[2022-09-09 16:46:52,949,281] [Stats have been saved to E:\AliData\BotFlocks\AliBots\DebankBot\DebankRes\Valid.csv]
[2022-09-09 16:46:52,965,246] [Scraping stats for: 0x0b7d2bd4dd72c52261d8a672fb4c5c3ab49a7523]
[2022-09-09 16:46:54,447,252] [Waiting for stats to load]
[2022-09-09 16:47:00,374,281] [Stats have been saved to E:\AliData\BotFlocks\AliBots\DebankBot\DebankRes\Valid.csv]
[2022-09-09 16:47:00,405,246] [Scraping stats for: 0x435eb093bdc0f8e7bdcbfde6caf36a4b2223bf94]
[2022-09-09 16:47:01,344,252] [Waiting for stats to load]
[2022-09-09 16:47:07,769,281] [Stats have been saved to E:\AliData\BotFlocks\AliBots\DebankBot\DebankRes\Valid.csv]
[2022-09-09 16:47:09,959,290] [Process completed successfully!]
[2022-09-10 19:19:53,302,274] [DebankBot launched]
[2022-09-10 19:19:58,107,226] [Waiting for debank to load]
[2022-09-10 19:20:30,307,274] [DebankBot launched]
[2022-09-10 19:20:34,286,226] [Waiting for debank to load]
[2022-09-10 19:22:08,247,218] [DebankBot launched]
[2022-09-10 19:22:18,763,170] [Waiting for debank to load]
[2022-09-10 19:22:18,859,176] [Scraping stats for: 0x2e3ba1d14578fc1fe04e0e49bddd32978f6f70cd]
[2022-09-10 19:22:20,569,182] [Waiting for stats to load]
[2022-09-10 19:25:36,401,220] [DebankBot launched]
[2022-09-10 19:25:47,214,169] [Waiting for debank to load]
[2022-09-10 19:25:47,352,175] [Scraping stats for: 0x2e3ba1d14578fc1fe04e0e49bddd32978f6f70cd]
[2022-09-10 19:25:49,119,181] [Waiting for stats to load]
[2022-09-10 19:25:54,152,175] [Scraping stats for: 0x0ac1e9bb8f0076085d5f7225485fb21cacc99bce]
[2022-09-10 19:25:55,248,181] [Waiting for stats to load]
[2022-09-10 19:26:00,286,175] [Scraping stats for: 0x2810bccec22f6dd0752845959a03210b85702efa]
[2022-09-10 19:26:01,268,181] [Waiting for stats to load]
[2022-09-10 19:28:13,357,220] [DebankBot launched]
[2022-09-10 19:28:24,354,169] [Waiting for debank to load]
[2022-09-10 19:28:24,442,175] [Scraping stats for: 0x2e3ba1d14578fc1fe04e0e49bddd32978f6f70cd]
[2022-09-10 19:28:25,960,181] [Waiting for stats to load]
[2022-09-10 19:28:31,008,175] [Scraping stats for: 0x0ac1e9bb8f0076085d5f7225485fb21cacc99bce]
[2022-09-10 19:28:32,784,181] [Waiting for stats to load]
[2022-09-10 19:28:37,813,175] [Scraping stats for: 0x2810bccec22f6dd0752845959a03210b85702efa]
[2022-09-10 19:28:38,956,181] [Waiting for stats to load]
[2022-09-10 19:28:43,998,175] [Scraping stats for: 0x3611df9b381bcd020c7605bf3d3fa361b86f0b2b]
[2022-09-10 19:28:46,199,181] [Waiting for stats to load]
[2022-09-10 19:28:53,203,206] [Stats: {'TodaysDate': '09-10-2022', 'ScanAddress': '0x3611df9b381bcd020c7605bf3d3fa361b86f0b2b', 'NumberOfDays': '264 days', 'TotalWalletBalance': '$22', 'EthereumBalance': '$22', 'BscBalance': '$0'}]
[2022-09-10 19:28:53,265,213] [Stats have been saved to E:\AliData\BotFlocks\AliBots\DebankBot\DebankRes\Valid.csv]
[2022-09-10 19:28:53,304,175] [Scraping stats for: 0x95db98f0d3b831338699ce60cd3b1c567e8e871f]
[2022-09-10 19:28:55,058,181] [Waiting for stats to load]
[2022-09-10 19:31:08,749,220] [DebankBot launched]
[2022-09-10 19:31:19,818,169] [Waiting for debank to load]
[2022-09-10 19:31:19,895,175] [Scraping stats for: 0x2e3ba1d14578fc1fe04e0e49bddd32978f6f70cd]
[2022-09-10 19:31:20,976,181] [Waiting for stats to load]
[2022-09-10 19:31:26,042,175] [Scraping stats for: 0x0ac1e9bb8f0076085d5f7225485fb21cacc99bce]
[2022-09-10 19:31:27,191,181] [Waiting for stats to load]
[2022-09-10 19:31:32,275,175] [Scraping stats for: 0x2810bccec22f6dd0752845959a03210b85702efa]
[2022-09-10 19:31:33,436,181] [Waiting for stats to load]
[2022-09-10 19:31:38,492,175] [Scraping stats for: 0x3611df9b381bcd020c7605bf3d3fa361b86f0b2b]
[2022-09-10 19:31:39,625,181] [Waiting for stats to load]
[2022-09-10 19:31:46,236,206] [Stats: {'TodaysDate': '09-10-2022', 'ScanAddress': '0x3611df9b381bcd020c7605bf3d3fa361b86f0b2b', 'NumberOfDays': '264 days', 'TotalWalletBalance': '$22', 'EthereumBalance': '$22', 'BscBalance': '$0'}]
[2022-09-10 19:31:46,246,213] [Stats have been saved to E:\AliData\BotFlocks\AliBots\DebankBot\DebankRes\Valid.csv]
[2022-09-10 19:31:46,305,175] [Scraping stats for: 0x95db98f0d3b831338699ce60cd3b1c567e8e871f]
[2022-09-10 19:31:48,517,181] [Waiting for stats to load]
[2022-09-10 19:31:53,597,175] [Scraping stats for: 0x56f3f97a628759f95a2e2f23441b90e2e8482251]
[2022-09-10 19:31:54,621,181] [Waiting for stats to load]
[2022-09-10 19:31:59,665,175] [Scraping stats for: 0xa795282605a6eb9acf93278e4e756f8366570cf7]
[2022-09-10 19:32:01,250,181] [Waiting for stats to load]
[2022-09-10 19:32:06,297,175] [Scraping stats for: 0x15c92f8769d882d0dbf922c692fc6586b33456dc]
[2022-09-10 19:32:07,755,181] [Waiting for stats to load]
[2022-09-10 19:32:12,792,175] [Scraping stats for: 0x8c79b3b09bed9949213ef81e0ce85ede4f376a12]
[2022-09-10 19:32:14,082,181] [Waiting for stats to load]
[2022-09-10 19:32:19,116,175] [Scraping stats for: 0x4ff47c459fe3dc74be0a1f9e8e4edf464e51af9e]
[2022-09-10 19:32:20,403,181] [Waiting for stats to load]
[2022-09-10 19:32:26,322,206] [Stats: {'TodaysDate': '09-10-2022', 'ScanAddress': '0x4ff47c459fe3dc74be0a1f9e8e4edf464e51af9e', 'NumberOfDays': '46 days', 'TotalWalletBalance': '$1', 'EthereumBalance': '$1', 'BscBalance': ''}]
[2022-09-10 19:32:26,327,213] [Stats have been saved to E:\AliData\BotFlocks\AliBots\DebankBot\DebankRes\Valid.csv]
[2022-09-10 19:32:26,368,175] [Scraping stats for: 0x8df8f39cd4214e098cd6dc94c9a5e304b4f03831]
[2022-09-10 19:32:27,521,181] [Waiting for stats to load]
[2022-09-10 19:32:32,570,175] [Scraping stats for: 0x7f97688f647218ec5f3940624fce242f84e52262]
[2022-09-10 19:32:34,129,181] [Waiting for stats to load]
[2022-09-10 19:34:26,546,221] [DebankBot launched]
[2022-09-10 19:34:37,144,172] [Waiting for debank to load]
[2022-09-10 19:34:37,332,176] [Scraping stats for: 0x2e3ba1d14578fc1fe04e0e49bddd32978f6f70cd]
[2022-09-10 19:34:39,192,182] [Waiting for stats to load]
[2022-09-10 23:46:36,009,219] [DebankBot launched]
[2022-09-10 23:46:58,339,219] [DebankBot launched]
[2022-09-10 23:47:20,689,225] [Process completed successfully!]
[2022-09-10 23:50:23,073,219] [DebankBot launched]
[2022-09-10 23:50:23,104,227] [Process completed successfully!]
[2022-09-10 23:51:04,940,219] [DebankBot launched]
[2022-09-10 23:51:04,971,227] [Process completed successfully!]
[2022-09-12 23:22:22,440,246] [DebankBot launched]
[2022-09-12 23:22:29,057,191] [Waiting for Debank to load]
[2022-09-12 23:22:53,190,246] [DebankBot launched]
[2022-09-12 23:23:06,588,191] [Waiting for Debank to load]
[2022-09-12 23:23:06,637,193] [Scraping stats for: 0xcb30e82db1d421a34d59a500cf66b411f297ae16]
[2022-09-12 23:23:08,465,198] [Waiting for stats to load]
[2022-09-12 23:23:11,432,232] [Stats: {'TodaysDate': '09-12-2022', 'ScanAddress': '0xcb30e82db1d421a34d59a500cf66b411f297ae16', 'NumberOfDays': '297 days', 'TotalWalletBalance': '$19', 'EthereumBalance': '$19', 'BscBalance': '$0', 'NFTNetWorth': '$0'}]
[2022-09-12 23:23:11,528,239] [Stats have been saved to E:\AliData\BotFlocks\AliBots\DebankBot\DebankRes\Valid.csv]
[2022-09-12 23:23:14,403,191] [Waiting for Debank to load]
[2022-09-12 23:23:14,450,193] [Scraping stats for: 0x3611df9b381bcd020c7605bf3d3fa361b86f0b2b]
[2022-09-12 23:23:16,147,198] [Waiting for stats to load]
[2022-09-12 23:23:18,344,232] [Stats: {'TodaysDate': '09-12-2022', 'ScanAddress': '0x3611df9b381bcd020c7605bf3d3fa361b86f0b2b', 'NumberOfDays': '266 days', 'TotalWalletBalance': '$22', 'EthereumBalance': '$22', 'BscBalance': '$0', 'NFTNetWorth': '$0'}]
[2022-09-12 23:23:18,347,239] [Stats have been saved to E:\AliData\BotFlocks\AliBots\DebankBot\DebankRes\Valid.csv]
[2022-09-12 23:23:21,406,191] [Waiting for Debank to load]
[2022-09-12 23:23:21,439,193] [Scraping stats for: 0x4ff47c459fe3dc74be0a1f9e8e4edf464e51af9e]
[2022-09-12 23:23:23,080,198] [Waiting for stats to load]
[2022-09-12 23:23:25,372,232] [Stats: {'TodaysDate': '09-12-2022', 'ScanAddress': '0x4ff47c459fe3dc74be0a1f9e8e4edf464e51af9e', 'NumberOfDays': '48 days', 'TotalWalletBalance': '$1', 'EthereumBalance': '$1', 'BscBalance': '', 'NFTNetWorth': '$0'}]
[2022-09-12 23:23:25,378,239] [Stats have been saved to E:\AliData\BotFlocks\AliBots\DebankBot\DebankRes\Valid.csv]
[2022-09-12 23:23:27,775,191] [Waiting for Debank to load]
[2022-09-12 23:23:27,893,193] [Scraping stats for: 0x8e7ee6223f7c2624f4dda6920a1d12e6a28a63b5]
[2022-09-12 23:23:29,518,198] [Waiting for stats to load]
[2022-09-12 23:23:31,732,232] [Stats: {'TodaysDate': '09-12-2022', 'ScanAddress': '0x8e7ee6223f7c2624f4dda6920a1d12e6a28a63b5', 'NumberOfDays': '71 days', 'TotalWalletBalance': '$0', 'EthereumBalance': '$0', 'BscBalance': '', 'NFTNetWorth': '$0'}]
[2022-09-12 23:23:31,735,239] [Stats have been saved to E:\AliData\BotFlocks\AliBots\DebankBot\DebankRes\Valid.csv]
[2022-09-12 23:23:33,894,191] [Waiting for Debank to load]
[2022-09-12 23:23:33,929,193] [Scraping stats for: 0xf2562f2d469f884eb8a5c1db7194dfa36cee3ef2]
[2022-09-12 23:23:34,861,198] [Waiting for stats to load]
[2022-09-12 23:23:37,090,232] [Stats: {'TodaysDate': '09-12-2022', 'ScanAddress': '0xf2562f2d469f884eb8a5c1db7194dfa36cee3ef2', 'NumberOfDays': '26 days', 'TotalWalletBalance': '$0', 'EthereumBalance': '$0', 'BscBalance': '', 'NFTNetWorth': '$0'}]
[2022-09-12 23:23:37,097,239] [Stats have been saved to E:\AliData\BotFlocks\AliBots\DebankBot\DebankRes\Valid.csv]
[2022-09-12 23:23:39,654,191] [Waiting for Debank to load]
[2022-09-12 23:23:39,692,193] [Scraping stats for: 0x325fb38da4dd94d45fbaa1bdec1599b27a79c803]
[2022-09-12 23:23:40,731,198] [Waiting for stats to load]
[2022-09-12 23:23:43,155,232] [Stats: {'TodaysDate': '09-12-2022', 'ScanAddress': '0x325fb38da4dd94d45fbaa1bdec1599b27a79c803', 'NumberOfDays': '60 days', 'TotalWalletBalance': '$0', 'EthereumBalance': '$0', 'BscBalance': '', 'NFTNetWorth': '$0'}]
[2022-09-12 23:23:43,161,239] [Stats have been saved to E:\AliData\BotFlocks\AliBots\DebankBot\DebankRes\Valid.csv]
[2022-09-12 23:23:45,578,191] [Waiting for Debank to load]
[2022-09-12 23:23:45,613,193] [Scraping stats for: 0xe9d58326b6817e1fd52cc5eb4a96e68bbee50439]
[2022-09-12 23:23:47,372,198] [Waiting for stats to load]
[2022-09-12 23:23:49,549,232] [Stats: {'TodaysDate': '09-12-2022', 'ScanAddress': '0xe9d58326b6817e1fd52cc5eb4a96e68bbee50439', 'NumberOfDays': '105 days', 'TotalWalletBalance': '$212', 'EthereumBalance': '$212', 'BscBalance': '$0', 'NFTNetWorth': '$0'}]
[2022-09-12 23:23:49,553,239] [Stats have been saved to E:\AliData\BotFlocks\AliBots\DebankBot\DebankRes\Valid.csv]
[2022-09-12 23:23:52,271,191] [Waiting for Debank to load]
[2022-09-12 23:23:52,307,193] [Scraping stats for: 0x243cda771f863c5a6b990b3954d099d2d033f4f4]
[2022-09-12 23:23:53,647,198] [Waiting for stats to load]
[2022-09-12 23:23:55,795,232] [Stats: {'TodaysDate': '09-12-2022', 'ScanAddress': '0x243cda771f863c5a6b990b3954d099d2d033f4f4', 'NumberOfDays': '73 days', 'TotalWalletBalance': '$0', 'EthereumBalance': '$0', 'BscBalance': '', 'NFTNetWorth': '$0'}]
[2022-09-12 23:23:55,800,239] [Stats have been saved to E:\AliData\BotFlocks\AliBots\DebankBot\DebankRes\Valid.csv]
[2022-09-12 23:23:58,152,191] [Waiting for Debank to load]
[2022-09-12 23:23:58,283,193] [Scraping stats for: 0x0adae7de45456636473a5bffcc92b03895fa8610]
[2022-09-12 23:23:59,475,198] [Waiting for stats to load]
[2022-09-12 23:24:01,650,232] [Stats: {'TodaysDate': '09-12-2022', 'ScanAddress': '0x0adae7de45456636473a5bffcc92b03895fa8610', 'NumberOfDays': '291 days', 'TotalWalletBalance': '$27', 'EthereumBalance': '$27', 'BscBalance': '', 'NFTNetWorth': '$0'}]
[2022-09-12 23:24:01,653,239] [Stats have been saved to E:\AliData\BotFlocks\AliBots\DebankBot\DebankRes\Valid.csv]
[2022-09-12 23:24:04,069,191] [Waiting for Debank to load]
[2022-09-12 23:24:04,103,193] [Scraping stats for: 0x60cd73396c15467e26026400227f7e5cd2d73e05]
[2022-09-12 23:24:50,893,246] [DebankBot launched]
[2022-09-12 23:25:01,130,191] [Waiting for Debank to load]
[2022-09-12 23:25:01,182,193] [Scraping stats for: 0xcb30e82db1d421a34d59a500cf66b411f297ae16]
[2022-09-12 23:25:02,668,198] [Waiting for stats to load]
[2022-09-12 23:25:05,892,232] [Stats: {'TodaysDate': '09-12-2022', 'ScanAddress': '0xcb30e82db1d421a34d59a500cf66b411f297ae16', 'NumberOfDays': '297 days', 'TotalWalletBalance': '$0', 'EthereumBalance': '$0', 'BscBalance': '$0', 'NFTNetWorth': '$0'}]
[2022-09-12 23:25:05,898,239] [Stats have been saved to E:\AliData\BotFlocks\AliBots\DebankBot\DebankRes\Valid.csv]
[2022-09-12 23:25:07,516,191] [Waiting for Debank to load]
[2022-09-12 23:25:07,625,193] [Scraping stats for: 0x3611df9b381bcd020c7605bf3d3fa361b86f0b2b]
[2022-09-12 23:25:08,605,198] [Waiting for stats to load]
[2022-09-12 23:25:10,354,232] [Stats: {'TodaysDate': '09-12-2022', 'ScanAddress': '0x3611df9b381bcd020c7605bf3d3fa361b86f0b2b', 'NumberOfDays': '266 days', 'TotalWalletBalance': '$0', 'EthereumBalance': '$0', 'BscBalance': '$0', 'NFTNetWorth': '$0'}]
[2022-09-12 23:25:10,358,239] [Stats have been saved to E:\AliData\BotFlocks\AliBots\DebankBot\DebankRes\Valid.csv]
[2022-09-12 23:25:13,195,191] [Waiting for Debank to load]
[2022-09-12 23:25:13,292,193] [Scraping stats for: 0x4ff47c459fe3dc74be0a1f9e8e4edf464e51af9e]
[2022-09-12 23:25:22,737,246] [DebankBot launched]
[2022-09-12 23:25:32,363,191] [Waiting for Debank to load]
[2022-09-12 23:25:32,415,193] [Scraping stats for: 0xcb30e82db1d421a34d59a500cf66b411f297ae16]
[2022-09-12 23:25:33,662,198] [Waiting for stats to load]
[2022-09-12 23:25:35,478,232] [Stats: {'TodaysDate': '09-12-2022', 'ScanAddress': '0xcb30e82db1d421a34d59a500cf66b411f297ae16', 'NumberOfDays': '297 days', 'TotalWalletBalance': '$0', 'EthereumBalance': '$0', 'BscBalance': '$0', 'NFTNetWorth': '$0'}]
[2022-09-12 23:25:35,485,239] [Stats have been saved to E:\AliData\BotFlocks\AliBots\DebankBot\DebankRes\Valid.csv]
[2022-09-12 23:25:36,961,191] [Waiting for Debank to load]
[2022-09-12 23:25:37,005,193] [Scraping stats for: 0x3611df9b381bcd020c7605bf3d3fa361b86f0b2b]
[2022-09-12 23:25:37,985,198] [Waiting for stats to load]
[2022-09-12 23:25:39,510,232] [Stats: {'TodaysDate': '09-12-2022', 'ScanAddress': '0x3611df9b381bcd020c7605bf3d3fa361b86f0b2b', 'NumberOfDays': '266 days', 'TotalWalletBalance': '$0', 'EthereumBalance': '$0', 'BscBalance': '$0', 'NFTNetWorth': '$0'}]
[2022-09-12 23:25:39,513,239] [Stats have been saved to E:\AliData\BotFlocks\AliBots\DebankBot\DebankRes\Valid.csv]
[2022-09-12 23:25:41,890,191] [Waiting for Debank to load]
[2022-09-12 23:25:41,922,193] [Scraping stats for: 0x4ff47c459fe3dc74be0a1f9e8e4edf464e51af9e]
[2022-09-12 23:25:43,219,198] [Waiting for stats to load]
[2022-09-12 23:25:44,937,232] [Stats: {'TodaysDate': '09-12-2022', 'ScanAddress': '0x4ff47c459fe3dc74be0a1f9e8e4edf464e51af9e', 'NumberOfDays': '48 days', 'TotalWalletBalance': '$0', 'EthereumBalance': '$0', 'BscBalance': '', 'NFTNetWorth': '$0'}]
[2022-09-12 23:25:44,940,239] [Stats have been saved to E:\AliData\BotFlocks\AliBots\DebankBot\DebankRes\Valid.csv]
[2022-09-12 23:25:46,655,191] [Waiting for Debank to load]
[2022-09-12 23:25:46,691,193] [Scraping stats for: 0x8e7ee6223f7c2624f4dda6920a1d12e6a28a63b5]
[2022-09-12 23:25:47,465,198] [Waiting for stats to load]
[2022-09-12 23:25:49,660,232] [Stats: {'TodaysDate': '09-12-2022', 'ScanAddress': '0x8e7ee6223f7c2624f4dda6920a1d12e6a28a63b5', 'NumberOfDays': '71 days', 'TotalWalletBalance': '$0', 'EthereumBalance': '$0', 'BscBalance': '', 'NFTNetWorth': '$0'}]
[2022-09-12 23:25:49,665,239] [Stats have been saved to E:\AliData\BotFlocks\AliBots\DebankBot\DebankRes\Valid.csv]
[2022-09-12 23:25:51,237,191] [Waiting for Debank to load]
[2022-09-12 23:25:51,351,193] [Scraping stats for: 0xf2562f2d469f884eb8a5c1db7194dfa36cee3ef2]
[2022-09-12 23:25:53,254,198] [Waiting for stats to load]
[2022-09-12 23:26:05,111,246] [DebankBot launched]
[2022-09-12 23:26:15,847,191] [Waiting for Debank to load]
[2022-09-12 23:26:15,896,193] [Scraping stats for: 0xcb30e82db1d421a34d59a500cf66b411f297ae16]
[2022-09-12 23:26:17,043,198] [Waiting for stats to load]
[2022-09-12 23:26:19,725,232] [Stats: {'TodaysDate': '09-12-2022', 'ScanAddress': '0xcb30e82db1d421a34d59a500cf66b411f297ae16', 'NumberOfDays': '297 days', 'TotalWalletBalance': '$0', 'EthereumBalance': '$0', 'BscBalance': '$0', 'NFTNetWorth': '$0'}]
[2022-09-12 23:26:19,735,239] [Stats have been saved to E:\AliData\BotFlocks\AliBots\DebankBot\DebankRes\Valid.csv]
[2022-09-12 23:26:21,409,191] [Waiting for Debank to load]
[2022-09-12 23:26:21,447,193] [Scraping stats for: 0x3611df9b381bcd020c7605bf3d3fa361b86f0b2b]
[2022-09-12 23:26:23,225,198] [Waiting for stats to load]
[2022-09-12 23:26:25,168,232] [Stats: {'TodaysDate': '09-12-2022', 'ScanAddress': '0x3611df9b381bcd020c7605bf3d3fa361b86f0b2b', 'NumberOfDays': '266 days', 'TotalWalletBalance': '$22', 'EthereumBalance': '$22', 'BscBalance': '$0', 'NFTNetWorth': '$0'}]
[2022-09-12 23:26:25,171,239] [Stats have been saved to E:\AliData\BotFlocks\AliBots\DebankBot\DebankRes\Valid.csv]
[2022-09-12 23:26:26,788,191] [Waiting for Debank to load]
[2022-09-12 23:26:26,822,193] [Scraping stats for: 0x4ff47c459fe3dc74be0a1f9e8e4edf464e51af9e]
[2022-09-12 23:26:27,978,198] [Waiting for stats to load]
[2022-09-12 23:26:29,751,232] [Stats: {'TodaysDate': '09-12-2022', 'ScanAddress': '0x4ff47c459fe3dc74be0a1f9e8e4edf464e51af9e', 'NumberOfDays': '48 days', 'TotalWalletBalance': '$1', 'EthereumBalance': '$1', 'BscBalance': '', 'NFTNetWorth': '$0'}]
[2022-09-12 23:26:29,754,239] [Stats have been saved to E:\AliData\BotFlocks\AliBots\DebankBot\DebankRes\Valid.csv]
[2022-09-12 23:26:31,614,191] [Waiting for Debank to load]
[2022-09-12 23:26:31,672,193] [Scraping stats for: 0x8e7ee6223f7c2624f4dda6920a1d12e6a28a63b5]
[2022-09-12 23:26:32,872,198] [Waiting for stats to load]
[2022-09-12 23:26:34,791,232] [Stats: {'TodaysDate': '09-12-2022', 'ScanAddress': '0x8e7ee6223f7c2624f4dda6920a1d12e6a28a63b5', 'NumberOfDays': '71 days', 'TotalWalletBalance': '$0', 'EthereumBalance': '$0', 'BscBalance': '', 'NFTNetWorth': '$0'}]
[2022-09-12 23:26:34,796,239] [Stats have been saved to E:\AliData\BotFlocks\AliBots\DebankBot\DebankRes\Valid.csv]
[2022-09-12 23:26:36,818,191] [Waiting for Debank to load]
[2022-09-12 23:26:36,872,193] [Scraping stats for: 0xf2562f2d469f884eb8a5c1db7194dfa36cee3ef2]
[2022-09-12 23:26:39,108,198] [Waiting for stats to load]
[2022-09-12 23:26:41,484,232] [Stats: {'TodaysDate': '09-12-2022', 'ScanAddress': '0xf2562f2d469f884eb8a5c1db7194dfa36cee3ef2', 'NumberOfDays': '26 days', 'TotalWalletBalance': '$0', 'EthereumBalance': '$0', 'BscBalance': '', 'NFTNetWorth': '$0'}]
[2022-09-12 23:26:41,487,239] [Stats have been saved to E:\AliData\BotFlocks\AliBots\DebankBot\DebankRes\Valid.csv]
[2022-09-12 23:26:44,741,191] [Waiting for Debank to load]
[2022-09-12 23:26:44,789,193] [Scraping stats for: 0x325fb38da4dd94d45fbaa1bdec1599b27a79c803]
[2022-09-12 23:26:46,703,198] [Waiting for stats to load]
[2022-09-12 23:26:50,253,232] [Stats: {'TodaysDate': '09-12-2022', 'ScanAddress': '0x325fb38da4dd94d45fbaa1bdec1599b27a79c803', 'NumberOfDays': '60 days', 'TotalWalletBalance': '$0', 'EthereumBalance': '$0', 'BscBalance': '', 'NFTNetWorth': '$0'}]
[2022-09-12 23:26:50,258,239] [Stats have been saved to E:\AliData\BotFlocks\AliBots\DebankBot\DebankRes\Valid.csv]
[2022-09-12 23:26:52,466,191] [Waiting for Debank to load]
[2022-09-12 23:26:52,588,193] [Scraping stats for: 0xe9d58326b6817e1fd52cc5eb4a96e68bbee50439]
[2022-09-12 23:26:55,117,198] [Waiting for stats to load]
[2022-09-12 23:26:57,455,232] [Stats: {'TodaysDate': '09-12-2022', 'ScanAddress': '0xe9d58326b6817e1fd52cc5eb4a96e68bbee50439', 'NumberOfDays': '105 days', 'TotalWalletBalance': '$0', 'EthereumBalance': '$0', 'BscBalance': '$0', 'NFTNetWorth': '$0'}]
[2022-09-12 23:26:57,458,239] [Stats have been saved to E:\AliData\BotFlocks\AliBots\DebankBot\DebankRes\Valid.csv]
[2022-09-12 23:26:59,471,191] [Waiting for Debank to load]
[2022-09-12 23:26:59,512,193] [Scraping stats for: 0x243cda771f863c5a6b990b3954d099d2d033f4f4]
[2022-09-12 23:27:01,259,198] [Waiting for stats to load]
[2022-09-12 23:27:03,800,232] [Stats: {'TodaysDate': '09-12-2022', 'ScanAddress': '0x243cda771f863c5a6b990b3954d099d2d033f4f4', 'NumberOfDays': '73 days', 'TotalWalletBalance': '$0', 'EthereumBalance': '$0', 'BscBalance': '', 'NFTNetWorth': '$0'}]
[2022-09-12 23:27:03,804,239] [Stats have been saved to E:\AliData\BotFlocks\AliBots\DebankBot\DebankRes\Valid.csv]
[2022-09-12 23:27:06,119,191] [Waiting for Debank to load]
[2022-09-12 23:27:06,235,193] [Scraping stats for: 0x0adae7de45456636473a5bffcc92b03895fa8610]
[2022-09-12 23:27:44,151,246] [DebankBot launched]
[2022-09-12 23:27:55,250,191] [Waiting for Debank to load]
[2022-09-12 23:27:55,321,193] [Scraping stats for: 0xcb30e82db1d421a34d59a500cf66b411f297ae16]
[2022-09-12 23:27:56,628,198] [Waiting for stats to load]
[2022-09-12 23:27:59,303,232] [Stats: {'TodaysDate': '09-12-2022', 'ScanAddress': '0xcb30e82db1d421a34d59a500cf66b411f297ae16', 'NumberOfDays': '297 days', 'TotalWalletBalance': '$19', 'EthereumBalance': '$19', 'BscBalance': '$0', 'NFTNetWorth': '$0'}]
[2022-09-12 23:27:59,310,239] [Stats have been saved to E:\AliData\BotFlocks\AliBots\DebankBot\DebankRes\Valid.csv]
[2022-09-12 23:28:01,004,191] [Waiting for Debank to load]
[2022-09-12 23:28:01,052,193] [Scraping stats for: 0x3611df9b381bcd020c7605bf3d3fa361b86f0b2b]
[2022-09-12 23:28:02,199,198] [Waiting for stats to load]
[2022-09-12 23:28:04,384,232] [Stats: {'TodaysDate': '09-12-2022', 'ScanAddress': '0x3611df9b381bcd020c7605bf3d3fa361b86f0b2b', 'NumberOfDays': '266 days', 'TotalWalletBalance': '$22', 'EthereumBalance': '$22', 'BscBalance': '$0', 'NFTNetWorth': '$0'}]
[2022-09-12 23:28:04,390,239] [Stats have been saved to E:\AliData\BotFlocks\AliBots\DebankBot\DebankRes\Valid.csv]
[2022-09-12 23:28:05,703,191] [Waiting for Debank to load]
[2022-09-12 23:28:05,800,193] [Scraping stats for: 0x4ff47c459fe3dc74be0a1f9e8e4edf464e51af9e]
[2022-09-12 23:28:07,491,198] [Waiting for stats to load]
[2022-09-12 23:28:09,658,232] [Stats: {'TodaysDate': '09-12-2022', 'ScanAddress': '0x4ff47c459fe3dc74be0a1f9e8e4edf464e51af9e', 'NumberOfDays': '48 days', 'TotalWalletBalance': '$1', 'EthereumBalance': '$1', 'BscBalance': '', 'NFTNetWorth': '$0'}]
[2022-09-12 23:28:09,661,239] [Stats have been saved to E:\AliData\BotFlocks\AliBots\DebankBot\DebankRes\Valid.csv]
[2022-09-12 23:28:11,077,191] [Waiting for Debank to load]
[2022-09-12 23:28:11,113,193] [Scraping stats for: 0x8e7ee6223f7c2624f4dda6920a1d12e6a28a63b5]
[2022-09-12 23:28:12,141,198] [Waiting for stats to load]
[2022-09-12 23:28:14,308,232] [Stats: {'TodaysDate': '09-12-2022', 'ScanAddress': '0x8e7ee6223f7c2624f4dda6920a1d12e6a28a63b5', 'NumberOfDays': '71 days', 'TotalWalletBalance': '$0', 'EthereumBalance': '$0', 'BscBalance': '', 'NFTNetWorth': '$0'}]
[2022-09-12 23:28:14,311,239] [Stats have been saved to E:\AliData\BotFlocks\AliBots\DebankBot\DebankRes\Valid.csv]
[2022-09-12 23:28:15,684,191] [Waiting for Debank to load]
[2022-09-12 23:28:15,725,193] [Scraping stats for: 0xf2562f2d469f884eb8a5c1db7194dfa36cee3ef2]
[2022-09-12 23:28:16,863,198] [Waiting for stats to load]
[2022-09-12 23:28:19,113,232] [Stats: {'TodaysDate': '09-12-2022', 'ScanAddress': '0xf2562f2d469f884eb8a5c1db7194dfa36cee3ef2', 'NumberOfDays': '26 days', 'TotalWalletBalance': '$0', 'EthereumBalance': '$0', 'BscBalance': '', 'NFTNetWorth': '$0'}]
[2022-09-12 23:28:19,116,239] [Stats have been saved to E:\AliData\BotFlocks\AliBots\DebankBot\DebankRes\Valid.csv]
[2022-09-12 23:28:20,473,191] [Waiting for Debank to load]
[2022-09-12 23:28:20,565,193] [Scraping stats for: 0x325fb38da4dd94d45fbaa1bdec1599b27a79c803]
[2022-09-12 23:28:21,747,198] [Waiting for stats to load]
[2022-09-12 23:28:24,984,232] [Stats: {'TodaysDate': '09-12-2022', 'ScanAddress': '0x325fb38da4dd94d45fbaa1bdec1599b27a79c803', 'NumberOfDays': '60 days', 'TotalWalletBalance': '$0', 'EthereumBalance': '$0', 'BscBalance': '', 'NFTNetWorth': '$0'}]
[2022-09-12 23:28:24,991,239] [Stats have been saved to E:\AliData\BotFlocks\AliBots\DebankBot\DebankRes\Valid.csv]
[2022-09-12 23:29:16,925,246] [DebankBot launched]
[2022-09-12 23:29:28,085,191] [Waiting for Debank to load]
[2022-09-12 23:29:28,135,193] [Scraping stats for: 0xcb30e82db1d421a34d59a500cf66b411f297ae16]
[2022-09-12 23:29:29,670,198] [Waiting for stats to load]
[2022-09-12 23:29:35,674,232] [Stats: {'TodaysDate': '09-12-2022', 'ScanAddress': '0xcb30e82db1d421a34d59a500cf66b411f297ae16', 'NumberOfDays': '297 days', 'TotalWalletBalance': '$19', 'EthereumBalance': '$19', 'BscBalance': '$0', 'NFTNetWorth': '$0'}]
[2022-09-12 23:29:35,685,239] [Stats have been saved to E:\AliData\BotFlocks\AliBots\DebankBot\DebankRes\Valid.csv]
[2022-09-12 23:29:37,951,191] [Waiting for Debank to load]
[2022-09-12 23:29:38,087,193] [Scraping stats for: 0x3611df9b381bcd020c7605bf3d3fa361b86f0b2b]
[2022-09-12 23:29:39,096,198] [Waiting for stats to load]
[2022-09-12 23:29:45,717,232] [Stats: {'TodaysDate': '09-12-2022', 'ScanAddress': '0x3611df9b381bcd020c7605bf3d3fa361b86f0b2b', 'NumberOfDays': '266 days', 'TotalWalletBalance': '$22', 'EthereumBalance': '$22', 'BscBalance': '$0', 'NFTNetWorth': '$0'}]
[2022-09-12 23:29:45,721,239] [Stats have been saved to E:\AliData\BotFlocks\AliBots\DebankBot\DebankRes\Valid.csv]
[2022-09-12 23:29:47,047,191] [Waiting for Debank to load]
[2022-09-12 23:29:47,181,193] [Scraping stats for: 0x4ff47c459fe3dc74be0a1f9e8e4edf464e51af9e]
[2022-09-12 23:29:48,354,198] [Waiting for stats to load]
[2022-09-12 23:50:46,229,246] [DebankBot launched]
[2022-09-12 23:50:50,316,191] [Waiting for Debank to load]
[2022-09-12 23:51:25,120,247] [DebankBot launched]
[2022-09-12 23:51:38,768,192] [Waiting for Debank to load]
[2022-09-12 23:51:38,842,194] [Scraping stats for: 0x1a6a0aabab2386ef4f4b78080db656f054ceba97]
[2022-09-12 23:51:40,776,199] [Waiting for stats to load]
[2022-09-12 23:51:47,519,233] [Stats: {'TodaysDate': '09-12-2022', 'ScanAddress': '0x1a6a0aabab2386ef4f4b78080db656f054ceba97', 'NumberOfDays': '80 days', 'TotalWalletBalance': '$117,187', 'EthereumBalance': '$92,620', 'BscBalance': '$21,122', 'NFTNetWorth': '$0'}]
[2022-09-12 23:51:47,527,240] [Stats have been saved to E:\AliData\BotFlocks\AliBots\DebankBot\DebankRes\Valid.csv]
[2022-09-12 23:53:02,666,247] [DebankBot launched]
[2022-09-12 23:53:14,790,192] [Waiting for Debank to load]
[2022-09-12 23:53:14,857,194] [Scraping stats for: 0x1a6a0aabab2386ef4f4b78080db656f054ceba97]
[2022-09-12 23:53:16,354,199] [Waiting for stats to load]
[2022-09-12 23:53:24,684,233] [Stats: {'TodaysDate': '09-12-2022', 'ScanAddress': '0x1a6a0aabab2386ef4f4b78080db656f054ceba97', 'NumberOfDays': '80 days', 'TotalWalletBalance': '$117,188', 'EthereumBalance': '$92,620', 'BscBalance': '$21,123', 'NFTNetWorth': '$0'}]
[2022-09-12 23:53:24,693,240] [Stats have been saved to E:\AliData\BotFlocks\AliBots\DebankBot\DebankRes\Valid.csv]
[2022-09-12 23:53:27,956,192] [Waiting for Debank to load]
[2022-09-12 23:53:27,997,194] [Scraping stats for: 0xcb30e82db1d421a34d59a500cf66b411f297ae16]
[2022-09-12 23:53:29,712,199] [Waiting for stats to load]
[2022-09-12 23:54:12,636,248] [DebankBot launched]
[2022-09-12 23:54:24,574,192] [Waiting for Debank to load]
[2022-09-12 23:54:24,620,194] [Scraping stats for: 0x1a6a0aabab2386ef4f4b78080db656f054ceba97]
[2022-09-12 23:54:25,920,199] [Waiting for stats to load]
[2022-09-12 23:54:34,867,234] [Stats: {'TodaysDate': '09-12-2022', 'ScanAddress': '0x1a6a0aabab2386ef4f4b78080db656f054ceba97', 'NumberOfDays': '80 days', 'TotalWalletBalance': '$117,176', 'EthereumBalance': '$92,616', 'BscBalance': '$21,122', 'NFTNetWorth': '$35,123'}]
[2022-09-12 23:54:34,876,241] [Stats have been saved to E:\AliData\BotFlocks\AliBots\DebankBot\DebankRes\Valid.csv]
[2022-09-12 23:54:38,107,192] [Waiting for Debank to load]
[2022-09-12 23:54:38,158,194] [Scraping stats for: 0xcb30e82db1d421a34d59a500cf66b411f297ae16]
[2022-09-12 23:54:39,272,199] [Waiting for stats to load]
